
Showing logs for build [32mcb-kubecd-environment-pr-174-13-r6njx-1[0m stage [32mfrom-build-pack[0m and container [32mstep-credential-initializer-v5g2m[0m
{"level":"warn","ts":1583401714.6074038,"logger":"fallback-logger","caller":"logging/config.go:69","msg":"Fetch GitHub commit ID from kodata failed: \"ref: refs/heads/0.8.0-**-support-backwards-incompats\" is not a valid GitHub commit ID"}
{"level":"info","ts":1583401714.608319,"logger":"fallback-logger","caller":"creds-init/main.go:40","msg":"Credentials initialized."}

Showing logs for build [32mcb-kubecd-environment-pr-174-13-r6njx-1[0m stage [32mfrom-build-pack[0m and container [32mstep-working-dir-initializer-stc4s[0m
{"level":"warn","ts":1583401715.966026,"logger":"fallback-logger","caller":"logging/config.go:69","msg":"Fetch GitHub commit ID from kodata failed: open /var/run/ko/HEAD: no such file or directory"}
{"level":"info","ts":1583401715.9682567,"logger":"fallback-logger","caller":"bash/main.go:64","msg":"Successfully executed command \"sh -c mkdir -p /workspace/source\"; output "}

Showing logs for build [32mcb-kubecd-environment-pr-174-13-r6njx-1[0m stage [32mfrom-build-pack[0m and container [32mstep-place-tools[0m

Showing logs for build [32mcb-kubecd-environment-pr-174-13-r6njx-1[0m stage [32mfrom-build-pack[0m and container [32mstep-git-source-cb-kubecd-environment-pr-174-13-r6njx-qqdp8[0m
{"level":"warn","ts":1583401720.0362442,"logger":"fallback-logger","caller":"logging/config.go:69","msg":"Fetch GitHub commit ID from kodata failed: \"ref: refs/heads/0.8.0-**-support-backwards-incompats\" is not a valid GitHub commit ID"}
{"level":"info","ts":1583401721.1589463,"logger":"fallback-logger","caller":"git/git.go:103","msg":"Successfully cloned https://github.com/cb-kubecd/environment-pr-174-13-boot-vault-gke-staging.git @ master in path /workspace/source"}

Showing logs for build [32mcb-kubecd-environment-pr-174-13-r6njx-1[0m stage [32mfrom-build-pack[0m and container [32mstep-git-merge[0m
Using SHAs from PULL_REFS=master:d49e6f11987751f4a24e026a1b6c742b20955b88,4:246fa79218d6ad5857d94e36c9115e337d9c1a4b
DEBUG: JX_LOG_LEVEL=error LC_ALL=C git fetch origin --unshallow 246fa79218d6ad5857d94e36c9115e337d9c1a4b: d49e6f11987751f4a24e026a1b6c742b20955b88:
DEBUG: ran git fetch --unshallow origin 246fa79218d6ad5857d94e36c9115e337d9c1a4b: d49e6f11987751f4a24e026a1b6c742b20955b88: in 
DEBUG: LC_ALL=C JX_LOG_LEVEL=error git branch
DEBUG: LC_ALL=C JX_LOG_LEVEL=error git checkout master
DEBUG: ran git checkout master in 
DEBUG: LC_ALL=C JX_LOG_LEVEL=error git reset --hard d49e6f11987751f4a24e026a1b6c742b20955b88
DEBUG: ran git reset --hard d49e6f11987751f4a24e026a1b6c742b20955b88 in 
DEBUG: LC_ALL=C JX_LOG_LEVEL=error git clean -fd .
DEBUG: ran clean --force -d . in 
DEBUG: LC_ALL=C JX_LOG_LEVEL=error git merge 246fa79218d6ad5857d94e36c9115e337d9c1a4b
DEBUG: ran git merge 246fa79218d6ad5857d94e36c9115e337d9c1a4b in 
DEBUG: LC_ALL=C JX_LOG_LEVEL=error git log --format=%H%x1f%an%x1f%ae%x1f%cn%x1f%ce%x1f%s%n%b%x1e d49e6f11987751f4a24e026a1b6c742b20955b88..HEAD
Merged SHA 246fa79218d6ad5857d94e36c9115e337d9c1a4b with commit message 'chore: Promote bdd-gh-1583399265 to version 0.0.1' into base branch master

Showing logs for build [32mcb-kubecd-environment-pr-174-13-r6njx-1[0m stage [32mfrom-build-pack[0m and container [32mstep-build-helm-build[0m
WARNING: No $CHART_REPOSITORY defined so using the default value of: http://jenkins-x-chartmuseum:8080
Adding missing Helm repo: storage.googleapis.com https://storage.googleapis.com/chartmuseum.jenkins-x.io
WARNING: No secrets found on "helm/repos" due: reading the secret "helm/repos" from vault: no secret "helm/repos" not found in vault
Read credentials for https://storage.googleapis.com/chartmuseum.jenkins-x.io from vault helm/repos
Successfully added Helm repository storage.googleapis.com.
Adding missing Helm repo: jenkins-x-chartmuseum http://jenkins-x-chartmuseum:8080
WARNING: No secrets found on "helm/repos" due: reading the secret "helm/repos" from vault: no secret "helm/repos" not found in vault
Read credentials for http://jenkins-x-chartmuseum:8080 from vault helm/repos
Successfully added Helm repository jenkins-x-chartmuseum.
WARNING: No $CHART_REPOSITORY defined so using the default value of: http://jenkins-x-chartmuseum:8080
Adding missing Helm repo: chartmuseum.jenkins-x.io http://chartmuseum.jenkins-x.io
WARNING: No secrets found on "helm/repos" due: reading the secret "helm/repos" from vault: no secret "helm/repos" not found in vault
Read credentials for http://chartmuseum.jenkins-x.io from vault helm/repos
Successfully added Helm repository chartmuseum.jenkins-x.io.
